\BOOKMARK [1][-]{section.1}{Introduction}{}% 1
\BOOKMARK [1][-]{section.2}{Getting started}{}% 2
\BOOKMARK [1][-]{section.3}{JavaScript in an external file}{}% 3
\BOOKMARK [1][-]{section.4}{Improving the set up}{}% 4
\BOOKMARK [1][-]{section.5}{Functions}{}% 5
\BOOKMARK [1][-]{section.6}{Making a grid}{}% 6
\BOOKMARK [1][-]{section.7}{Update Context Function}{}% 7
\BOOKMARK [1][-]{section.8}{Colour management}{}% 8
\BOOKMARK [1][-]{section.9}{Organising an init file}{}% 9
\BOOKMARK [1][-]{section.10}{Rotations}{}% 10
\BOOKMARK [1][-]{section.11}{Objects}{}% 11
\BOOKMARK [1][-]{section.12}{Animation Frame}{}% 12
\BOOKMARK [2][-]{subsection.12.1}{A bit of a code review - preparation}{section.12}% 13
\BOOKMARK [2][-]{subsection.12.2}{Introduce the animation frame}{section.12}% 14
\BOOKMARK [1][-]{section.13}{Animation}{}% 15
\BOOKMARK [2][-]{subsection.13.1}{Linear Interpolation}{section.13}% 16
\BOOKMARK [2][-]{subsection.13.2}{Quadratic Interpolation}{section.13}% 17
\BOOKMARK [2][-]{subsection.13.3}{Trigonometric Interpolation}{section.13}% 18
\BOOKMARK [1][-]{section.14}{Event Handling}{}% 19
\BOOKMARK [1][-]{section.15}{Basic Draggable Point}{}% 20
\BOOKMARK [1][-]{section.16}{Better Draggable Point}{}% 21
\BOOKMARK [1][-]{section.17}{Buttons}{}% 22
\BOOKMARK [1][-]{section.18}{Manager Object}{}% 23
\BOOKMARK [1][-]{section.19}{Code refactoring - prototyping}{}% 24
\BOOKMARK [1][-]{section.20}{Old Stuff}{}% 25
